<?xml version="1.0" encoding="UTF-8" ?>
<testsuite tests="10" failures="0" name="locus.auth.service.AccountServiceImplTest" time="0.007" errors="0" skipped="0">
  <properties>
[...]
</properties>
  <testcase classname="locus.auth.service.AccountServiceImplTest" name="registerUser_ThrowsIllegalArgumentException" time="0.001"/>
  <testcase classname="locus.auth.service.AccountServiceImplTest" name="getAccountService" time="0"/>
  <testcase classname="locus.auth.service.AccountServiceImplTest" name="registerUser" time="0"/>
  <testcase classname="locus.auth.service.AccountServiceImplTest" name="deregisterUser" time="0"/>
  <testcase classname="locus.auth.service.AccountServiceImplTest" name="removeRolesFromUser" time="0.004"/>
  <testcase classname="locus.auth.service.AccountServiceImplTest" name="addRolesToUser" time="0"/>
  <testcase classname="locus.auth.service.AccountServiceImplTest" name="addRoleToUser" time="0.001"/>
  <testcase classname="locus.auth.service.AccountServiceImplTest" name="roleCannotBeAssignedIfNotRegistered" time="0"/>
  <testcase classname="locus.auth.service.AccountServiceImplTest" name="addRoleToUser_ThrowsIllegalArgumentException" time="0"/>
  <testcase classname="locus.auth.service.AccountServiceImplTest" name="getAssignedRoles" time="0.001"/>
</testsuite>